<?xml version="1.0" encoding="UTF-8"?>
<testsuite xmlns:xsi="http://www.w3.org/2001/XMLSchema-instance" xsi:noNamespaceSchemaLocation="https://maven.apache.org/surefire/maven-surefire-plugin/xsd/surefire-test-report-3.0.xsd" version="3.0" name="dev.freireservices.social_altruism.chat.ChatQuickStartTest" time="0.387" tests="1" errors="0" skipped="0" failures="0">
  <properties>
    <property name="java.specification.version" value="21"/>
    <property name="sun.jnu.encoding" value="UTF-8"/>
    <property name="java.class.path" value="/Users/rdev/Source/social_altruism_akka/target/test-classes:/Users/rdev/Source/social_altruism_akka/target/classes:/Users/rdev/.m2/repository/com/typesafe/akka/akka-actor-typed_2.13/2.9.0/akka-actor-typed_2.13-2.9.0.jar:/Users/rdev/.m2/repository/org/scala-lang/scala-library/2.13.12/scala-library-2.13.12.jar:/Users/rdev/.m2/repository/com/typesafe/akka/akka-actor_2.13/2.9.0/akka-actor_2.13-2.9.0.jar:/Users/rdev/.m2/repository/com/typesafe/config/1.4.3/config-1.4.3.jar:/Users/rdev/.m2/repository/org/scala-lang/modules/scala-java8-compat_2.13/1.0.2/scala-java8-compat_2.13-1.0.2.jar:/Users/rdev/.m2/repository/com/typesafe/akka/akka-slf4j_2.13/2.9.0/akka-slf4j_2.13-2.9.0.jar:/Users/rdev/.m2/repository/org/slf4j/slf4j-api/1.7.36/slf4j-api-1.7.36.jar:/Users/rdev/.m2/repository/ch/qos/logback/logback-classic/1.2.11/logback-classic-1.2.11.jar:/Users/rdev/.m2/repository/ch/qos/logback/logback-core/1.2.11/logback-core-1.2.11.jar:/Users/rdev/.m2/repository/com/typesafe/akka/akka-actor-testkit-typed_2.13/2.9.0/akka-actor-testkit-typed_2.13-2.9.0.jar:/Users/rdev/.m2/repository/com/typesafe/akka/akka-testkit_2.13/2.9.0/akka-testkit_2.13-2.9.0.jar:/Users/rdev/.m2/repository/junit/junit/4.13.2/junit-4.13.2.jar:/Users/rdev/.m2/repository/org/hamcrest/hamcrest-core/1.3/hamcrest-core-1.3.jar:"/>
    <property name="java.vm.vendor" value="Amazon.com Inc."/>
    <property name="sun.arch.data.model" value="64"/>
    <property name="java.vendor.url" value="https://aws.amazon.com/corretto/"/>
    <property name="os.name" value="Mac OS X"/>
    <property name="java.vm.specification.version" value="21"/>
    <property name="sun.java.launcher" value="SUN_STANDARD"/>
    <property name="user.country" value="CH"/>
    <property name="sun.boot.library.path" value="/Users/rdev/.sdkman/candidates/java/21-amzn/lib"/>
    <property name="sun.java.command" value="/Users/rdev/Source/social_altruism_akka/target/surefire/surefirebooter-20231219123316996_3.jar /Users/rdev/Source/social_altruism_akka/target/surefire 2023-12-19T12-33-16_961-jvmRun1 surefire-20231219123316996_1tmp surefire_0-20231219123316996_2tmp"/>
    <property name="http.nonProxyHosts" value="local|*.local|169.254/16|*.169.254/16"/>
    <property name="jdk.debug" value="release"/>
    <property name="surefire.test.class.path" value="/Users/rdev/Source/social_altruism_akka/target/test-classes:/Users/rdev/Source/social_altruism_akka/target/classes:/Users/rdev/.m2/repository/com/typesafe/akka/akka-actor-typed_2.13/2.9.0/akka-actor-typed_2.13-2.9.0.jar:/Users/rdev/.m2/repository/org/scala-lang/scala-library/2.13.12/scala-library-2.13.12.jar:/Users/rdev/.m2/repository/com/typesafe/akka/akka-actor_2.13/2.9.0/akka-actor_2.13-2.9.0.jar:/Users/rdev/.m2/repository/com/typesafe/config/1.4.3/config-1.4.3.jar:/Users/rdev/.m2/repository/org/scala-lang/modules/scala-java8-compat_2.13/1.0.2/scala-java8-compat_2.13-1.0.2.jar:/Users/rdev/.m2/repository/com/typesafe/akka/akka-slf4j_2.13/2.9.0/akka-slf4j_2.13-2.9.0.jar:/Users/rdev/.m2/repository/org/slf4j/slf4j-api/1.7.36/slf4j-api-1.7.36.jar:/Users/rdev/.m2/repository/ch/qos/logback/logback-classic/1.2.11/logback-classic-1.2.11.jar:/Users/rdev/.m2/repository/ch/qos/logback/logback-core/1.2.11/logback-core-1.2.11.jar:/Users/rdev/.m2/repository/com/typesafe/akka/akka-actor-testkit-typed_2.13/2.9.0/akka-actor-testkit-typed_2.13-2.9.0.jar:/Users/rdev/.m2/repository/com/typesafe/akka/akka-testkit_2.13/2.9.0/akka-testkit_2.13-2.9.0.jar:/Users/rdev/.m2/repository/junit/junit/4.13.2/junit-4.13.2.jar:/Users/rdev/.m2/repository/org/hamcrest/hamcrest-core/1.3/hamcrest-core-1.3.jar:"/>
    <property name="sun.cpu.endian" value="little"/>
    <property name="user.home" value="/Users/rdev"/>
    <property name="user.language" value="es"/>
    <property name="java.specification.vendor" value="Oracle Corporation"/>
    <property name="java.version.date" value="2023-10-17"/>
    <property name="java.home" value="/Users/rdev/.sdkman/candidates/java/21-amzn"/>
    <property name="file.separator" value="/"/>
    <property name="basedir" value="/Users/rdev/Source/social_altruism_akka"/>
    <property name="java.vm.compressedOopsMode" value="Zero based"/>
    <property name="line.separator" value="&#10;"/>
    <property name="java.vm.specification.vendor" value="Oracle Corporation"/>
    <property name="java.specification.name" value="Java Platform API Specification"/>
    <property name="apple.awt.application.name" value="ForkedBooter"/>
    <property name="surefire.real.class.path" value="/Users/rdev/Source/social_altruism_akka/target/surefire/surefirebooter-20231219123316996_3.jar"/>
    <property name="sun.management.compiler" value="HotSpot 64-Bit Tiered Compilers"/>
    <property name="ftp.nonProxyHosts" value="local|*.local|169.254/16|*.169.254/16"/>
    <property name="java.runtime.version" value="21.0.1+12-LTS"/>
    <property name="user.name" value="rdev"/>
    <property name="stdout.encoding" value="UTF-8"/>
    <property name="path.separator" value=":"/>
    <property name="os.version" value="14.2"/>
    <property name="java.runtime.name" value="OpenJDK Runtime Environment"/>
    <property name="file.encoding" value="UTF-8"/>
    <property name="java.vm.name" value="OpenJDK 64-Bit Server VM"/>
    <property name="java.vendor.version" value="Corretto-21.0.1.12.1"/>
    <property name="localRepository" value="/Users/rdev/.m2/repository"/>
    <property name="java.vendor.url.bug" value="https://github.com/corretto/corretto-21/issues/"/>
    <property name="java.io.tmpdir" value="/var/folders/31/f1vtm4ks0_j2myb365hc02m40000gn/T/"/>
    <property name="idea.version" value="2023.3.1"/>
    <property name="java.version" value="21.0.1"/>
    <property name="user.dir" value="/Users/rdev/Source/social_altruism_akka"/>
    <property name="os.arch" value="aarch64"/>
    <property name="java.vm.specification.name" value="Java Virtual Machine Specification"/>
    <property name="native.encoding" value="UTF-8"/>
    <property name="java.library.path" value="/Users/rdev/Library/Java/Extensions:/Library/Java/Extensions:/Network/Library/Java/Extensions:/System/Library/Java/Extensions:/usr/lib/java:."/>
    <property name="java.vm.info" value="mixed mode, sharing"/>
    <property name="stderr.encoding" value="UTF-8"/>
    <property name="java.vendor" value="Amazon.com Inc."/>
    <property name="java.vm.version" value="21.0.1+12-LTS"/>
    <property name="sun.io.unicode.encoding" value="UnicodeBig"/>
    <property name="socksNonProxyHosts" value="local|*.local|169.254/16|*.169.254/16"/>
    <property name="java.class.version" value="65.0"/>
  </properties>
  <testcase name="testGreeterActorSendingOfGreeting" classname="dev.freireservices.social_altruism.chat.ChatQuickStartTest" time="0.012">
    <system-out><![CDATA[[2023-12-19 12:33:17,437] [INFO] [akka.event.slf4j.Slf4jLogger] [AkkaQuickstartTest-akka.actor.default-dispatcher-3] [] - Slf4jLogger started
[2023-12-19 12:33:17,477] [INFO] [dev.freireservices.social_altruism.Greeter] [AkkaQuickstartTest-akka.actor.default-dispatcher-3] [akka://AkkaQuickstartTest/user/greeter] - Hello Charles!
]]></system-out>
  </testcase>
</testsuite>